Determining if the pthread_create exist failed with the following output:
Change Dir: /home/team/SoftwareDevelopment/ROS2/skinny/build/communication/CMakeFiles/CMakeTmp

Run Build Command:"/usr/bin/make" "cmTC_6b995/fast"
/usr/bin/make -f CMakeFiles/cmTC_6b995.dir/build.make CMakeFiles/cmTC_6b995.dir/build
make[1]: Entering directory '/home/team/SoftwareDevelopment/ROS2/skinny/build/communication/CMakeFiles/CMakeTmp'
Building C object CMakeFiles/cmTC_6b995.dir/CheckSymbolExists.c.o
/usr/bin/cc    -o CMakeFiles/cmTC_6b995.dir/CheckSymbolExists.c.o   -c /home/team/SoftwareDevelopment/ROS2/skinny/build/communication/CMakeFiles/CMakeTmp/CheckSymbolExists.c
Linking C executable cmTC_6b995
/usr/bin/cmake -E cmake_link_script CMakeFiles/cmTC_6b995.dir/link.txt --verbose=1
/usr/bin/cc      CMakeFiles/cmTC_6b995.dir/CheckSymbolExists.c.o  -o cmTC_6b995 
CMakeFiles/cmTC_6b995.dir/CheckSymbolExists.c.o: In function `main':
CheckSymbolExists.c:(.text+0x14): undefined reference to `pthread_create'
CheckSymbolExists.c:(.text+0x18): undefined reference to `pthread_create'
collect2: error: ld returned 1 exit status
CMakeFiles/cmTC_6b995.dir/build.make:97: recipe for target 'cmTC_6b995' failed
make[1]: *** [cmTC_6b995] Error 1
make[1]: Leaving directory '/home/team/SoftwareDevelopment/ROS2/skinny/build/communication/CMakeFiles/CMakeTmp'
Makefile:126: recipe for target 'cmTC_6b995/fast' failed
make: *** [cmTC_6b995/fast] Error 2

File /home/team/SoftwareDevelopment/ROS2/skinny/build/communication/CMakeFiles/CMakeTmp/CheckSymbolExists.c:
/* */
#include <pthread.h>

int main(int argc, char** argv)
{
  (void)argv;
#ifndef pthread_create
  return ((int*)(&pthread_create))[argc];
#else
  (void)argc;
  return 0;
#endif
}

Determining if the function pthread_create exists in the pthreads failed with the following output:
Change Dir: /home/team/SoftwareDevelopment/ROS2/skinny/build/communication/CMakeFiles/CMakeTmp

Run Build Command:"/usr/bin/make" "cmTC_9b276/fast"
/usr/bin/make -f CMakeFiles/cmTC_9b276.dir/build.make CMakeFiles/cmTC_9b276.dir/build
make[1]: Entering directory '/home/team/SoftwareDevelopment/ROS2/skinny/build/communication/CMakeFiles/CMakeTmp'
Building C object CMakeFiles/cmTC_9b276.dir/CheckFunctionExists.c.o
/usr/bin/cc   -DCHECK_FUNCTION_EXISTS=pthread_create   -o CMakeFiles/cmTC_9b276.dir/CheckFunctionExists.c.o   -c /usr/share/cmake-3.10/Modules/CheckFunctionExists.c
Linking C executable cmTC_9b276
/usr/bin/cmake -E cmake_link_script CMakeFiles/cmTC_9b276.dir/link.txt --verbose=1
/usr/bin/cc  -DCHECK_FUNCTION_EXISTS=pthread_create    CMakeFiles/cmTC_9b276.dir/CheckFunctionExists.c.o  -o cmTC_9b276 -lpthreads 
/usr/bin/ld: cannot find -lpthreads
collect2: error: ld returned 1 exit status
CMakeFiles/cmTC_9b276.dir/build.make:97: recipe for target 'cmTC_9b276' failed
make[1]: *** [cmTC_9b276] Error 1
make[1]: Leaving directory '/home/team/SoftwareDevelopment/ROS2/skinny/build/communication/CMakeFiles/CMakeTmp'
Makefile:126: recipe for target 'cmTC_9b276/fast' failed
make: *** [cmTC_9b276/fast] Error 2


