Determining if the pthread_create exist failed with the following output:
Change Dir: /home/team/SoftwareDevelopment/ROS2/skinny/build/autonomy/CMakeFiles/CMakeTmp

Run Build Command:"/usr/bin/make" "cmTC_a0a14/fast"
make[1]: Entering directory '/home/team/SoftwareDevelopment/ROS2/skinny/build/autonomy/CMakeFiles/CMakeTmp'
/usr/bin/make -f CMakeFiles/cmTC_a0a14.dir/build.make CMakeFiles/cmTC_a0a14.dir/build
make[2]: Entering directory '/home/team/SoftwareDevelopment/ROS2/skinny/build/autonomy/CMakeFiles/CMakeTmp'
Building C object CMakeFiles/cmTC_a0a14.dir/CheckSymbolExists.c.o
/usr/bin/cc    -o CMakeFiles/cmTC_a0a14.dir/CheckSymbolExists.c.o   -c /home/team/SoftwareDevelopment/ROS2/skinny/build/autonomy/CMakeFiles/CMakeTmp/CheckSymbolExists.c
Linking C executable cmTC_a0a14
/usr/bin/cmake -E cmake_link_script CMakeFiles/cmTC_a0a14.dir/link.txt --verbose=1
/usr/bin/cc      CMakeFiles/cmTC_a0a14.dir/CheckSymbolExists.c.o  -o cmTC_a0a14 
CMakeFiles/cmTC_a0a14.dir/CheckSymbolExists.c.o: In function `main':
CheckSymbolExists.c:(.text+0x14): undefined reference to `pthread_create'
CheckSymbolExists.c:(.text+0x18): undefined reference to `pthread_create'
collect2: error: ld returned 1 exit status
CMakeFiles/cmTC_a0a14.dir/build.make:97: recipe for target 'cmTC_a0a14' failed
make[2]: *** [cmTC_a0a14] Error 1
make[2]: Leaving directory '/home/team/SoftwareDevelopment/ROS2/skinny/build/autonomy/CMakeFiles/CMakeTmp'
Makefile:126: recipe for target 'cmTC_a0a14/fast' failed
make[1]: *** [cmTC_a0a14/fast] Error 2
make[1]: Leaving directory '/home/team/SoftwareDevelopment/ROS2/skinny/build/autonomy/CMakeFiles/CMakeTmp'

File /home/team/SoftwareDevelopment/ROS2/skinny/build/autonomy/CMakeFiles/CMakeTmp/CheckSymbolExists.c:
/* */
#include <pthread.h>

int main(int argc, char** argv)
{
  (void)argv;
#ifndef pthread_create
  return ((int*)(&pthread_create))[argc];
#else
  (void)argc;
  return 0;
#endif
}

Determining if the function pthread_create exists in the pthreads failed with the following output:
Change Dir: /home/team/SoftwareDevelopment/ROS2/skinny/build/autonomy/CMakeFiles/CMakeTmp

Run Build Command:"/usr/bin/make" "cmTC_dfaa6/fast"
make[1]: Entering directory '/home/team/SoftwareDevelopment/ROS2/skinny/build/autonomy/CMakeFiles/CMakeTmp'
/usr/bin/make -f CMakeFiles/cmTC_dfaa6.dir/build.make CMakeFiles/cmTC_dfaa6.dir/build
make[2]: Entering directory '/home/team/SoftwareDevelopment/ROS2/skinny/build/autonomy/CMakeFiles/CMakeTmp'
Building C object CMakeFiles/cmTC_dfaa6.dir/CheckFunctionExists.c.o
/usr/bin/cc   -DCHECK_FUNCTION_EXISTS=pthread_create   -o CMakeFiles/cmTC_dfaa6.dir/CheckFunctionExists.c.o   -c /usr/share/cmake-3.10/Modules/CheckFunctionExists.c
Linking C executable cmTC_dfaa6
/usr/bin/cmake -E cmake_link_script CMakeFiles/cmTC_dfaa6.dir/link.txt --verbose=1
/usr/bin/cc  -DCHECK_FUNCTION_EXISTS=pthread_create    CMakeFiles/cmTC_dfaa6.dir/CheckFunctionExists.c.o  -o cmTC_dfaa6 -lpthreads 
/usr/bin/ld: cannot find -lpthreads
collect2: error: ld returned 1 exit status
CMakeFiles/cmTC_dfaa6.dir/build.make:97: recipe for target 'cmTC_dfaa6' failed
make[2]: *** [cmTC_dfaa6] Error 1
make[2]: Leaving directory '/home/team/SoftwareDevelopment/ROS2/skinny/build/autonomy/CMakeFiles/CMakeTmp'
Makefile:126: recipe for target 'cmTC_dfaa6/fast' failed
make[1]: *** [cmTC_dfaa6/fast] Error 2
make[1]: Leaving directory '/home/team/SoftwareDevelopment/ROS2/skinny/build/autonomy/CMakeFiles/CMakeTmp'


